[LOG] System::create                           : Header version = 2.01.07. Current version = 2.01.07.
[LOG] Manager::init                            : maxchannels = 256 studioflags = 00000006 flags 00000000 extradriverdata 0000000000000000.
[LOG] SystemI::init                            : Initialize version=20107 (113487), maxchannels=256, flags=0x00020000
[LOG] SystemI::setOutputInternal               : Setting output to 'FMOD WASAPI Output'
[LOG] OutputWASAPI::init                       : Mix Format (WAVEFORMATEX): wFormatTag=0xFFFE, nChannels=2, nSamplesPerSec=48000, nAvgBytesPerSec=384000, nBlockAlign=8, wBitsPerSample=32, cbSize=22.
[LOG] OutputWASAPI::init                       : Mix Format (WAVEFORMATEXTENSIBLE): wValidBitsPerSample=32, dwChannelMask=0x00000003, SubFormat=00000003-0000-0010-8000-00AA00389B71.
[LOG] OutputWASAPI::init                       : Output buffer size: 4096 samples, latency: 0.00ms, period: 10.00ms, DSP buffer: 1024 * 4
[LOG] Thread::initThread                       : Init FMOD stream thread. Affinity: 0x8000000000000003, Priority: 0xFFFF7FFB, Stack Size: 98304, Semaphore: No, Sleep Time: 10, Looping: Yes.
[LOG] Thread::initThread                       : Init FMOD mixer thread. Affinity: 0x8000000000000001, Priority: 0xFFFF7FFA, Stack Size: 81920, Semaphore: No, Sleep Time: 0, Looping: Yes.
[LOG] AsyncManager::init                       : manager 0000018862BCCE48 isAsync 0 updatePeriod 0.02
[LOG] AsyncManager::init                       : done
[LOG] PlaybackSystem::init                     : 
[LOG] Thread::initThread                       : Init FMOD Studio sample load thread. Affinity: 0x8000000000000003, Priority: 0xFFFF7FFD, Stack Size: 98304, Semaphore: No, Sleep Time: 1, Looping: No.
[LOG] PlaybackSystem::init                     : done
[LOG] Thread::initThread                       : Init FMOD Studio bank load thread. Affinity: 0x8000000000000003, Priority: 0xFFFF7FFD, Stack Size: 98304, Semaphore: No, Sleep Time: 1, Looping: No.
[LOG] Manager::init                            : done.
[LOG] Manager::readBank                        : fileversion = 135, compatVersion = 132 (oldest = 44, newest = 135)
[LOG] SystemI::createSound                     : filename = FMODAsset\Desktop/Master.bank : mode 02010082
[LOG] SystemI::createSound                     : FMOD_NONBLOCKING specified.  Putting into queue to be opened asynchronously!
[LOG] SystemI::createSound                     : setdata soundi = 00000187D8148CC8 : node = 000001886283A5A0
[LOG] SystemI::createSound                     : add node to async list : head = 00000188C84432F8.  list count = 0
[LOG] AsyncThread::threadFunc                  : Starting Asynchronous operation on sound 00000187D8148CC8
[LOG] SystemI::createSoundInternal             :     Create name='FMODAsset\Desktop/Master.bank', mode=0x02010082
[LOG] SystemI::createSoundInternal             :     exinfo->cbsize             = 224
[LOG] SystemI::createSoundInternal             :     exinfo->length             = 5280864
[LOG] SystemI::createSoundInternal             :     exinfo->fileoffset         = 18624
[LOG] SystemI::createSoundInternal             :     exinfo->numsubsounds       = 1
[LOG] SystemI::createSoundInternal             :     exinfo->inclusionlist      = 000001886283A6B0
[LOG] SystemI::createSoundInternal             :     exinfo->inclusionlistnum   = 1
[LOG] SystemI::createSoundInternal             :     exinfo->suggestedsoundtype = 5
[LOG] SystemI::createSoundInternal             :     exinfo->initialseekpostype = 1
[LOG] SystemI::createSoundInternal             :     Create name='', mode=0x02000202
[LOG] SystemI::createSoundInternal             :     exinfo->cbsize             = 224
[LOG] SystemI::createSoundInternal             :     Stream 0/1: name='Bateau-loop', format=5, channels=2, frequency=48000, lengthbytes=471680, lengthpcm=1720161, pcmblocksize=0, loopstart=0, loopend=0, mode=0x00000000, channelmask=0x00000000, channelorder=0, peakvolume=0.980103.
[LOG] SystemI::createSoundInternal             :     exinfo->length             = 5280864
[LOG] SystemI::createSoundInternal             :     exinfo->fileoffset         = 18624
[LOG] SystemI::createSoundInternal             :     exinfo->numsubsounds       = 1
[LOG] SystemI::createSoundInternal             :     exinfo->inclusionlist      = 0000001844B9F478
[LOG] SystemI::createSoundInternal             :     exinfo->inclusionlistnum   = 1
[LOG] SystemI::createSoundInternal             :     exinfo->suggestedsoundtype = 5
[LOG] SystemI::createSoundInternal             :     exinfo->useropen           = 00007FFC3E6F7B10
[LOG] SystemI::createSoundInternal             :     exinfo->userclose          = 00007FFC3E6F7AE0
[LOG] SystemI::createSoundInternal             :     exinfo->userread           = 00007FFC3E6F7BE0
[LOG] SystemI::createSoundInternal             :     exinfo->userseek           = 00007FFC3E6F7CA0
[LOG] SystemI::createSoundInternal             :     exinfo->fileuserdata       = 0000018626FC6788
[LOG] SystemI::createSoundInternal             :     exinfo->initialseekpostype = 1
[LOG] SystemI::DSPCodecPoolRegister            :     register codec pool for pool type 5
[LOG] SystemI::createSoundInternal             :     Sample 0/1: name='32304__acclivity__shipsbell', format=5, channels=2, frequency=48000, lengthbytes=66912, lengthpcm=272800, pcmblocksize=0, loopstart=0, loopend=0, mode=0x00000000, channelmask=0x00000000, channelorder=0, peakvolume=0.879608.
[LOG] AsyncThread::threadFunc                  : Finished Asynchronous operation on sound 00000187D8148CC8
[LOG] SystemI::createSound                     : filename = FMODAsset\Desktop/Master.bank : mode 02010082
[LOG] SystemI::createSound                     : FMOD_NONBLOCKING specified.  Putting into queue to be opened asynchronously!
[LOG] SystemI::createSound                     : setdata soundi = 00000187D8141858 : node = 00000188C9280B60
[LOG] SystemI::createSound                     : add node to async list : head = 00000188C84432F8.  list count = 0
[LOG] AsyncThread::threadFunc                  : Starting Asynchronous operation on sound 00000187D8141858
[LOG] SystemI::createSoundInternal             :     Create name='FMODAsset\Desktop/Master.bank', mode=0x02010082
[LOG] SystemI::createSoundInternal             :     exinfo->cbsize             = 224
[LOG] SystemI::createSoundInternal             :     exinfo->length             = 5280864
[LOG] SystemI::createSoundInternal             :     exinfo->fileoffset         = 18624
[LOG] SystemI::createSoundInternal             :     exinfo->numsubsounds       = 1
[LOG] SystemI::createSoundInternal             :     exinfo->inclusionlist      = 00000188C9280C70
[LOG] SystemI::createSoundInternal             :     exinfo->inclusionlistnum   = 1
[LOG] SystemI::createSoundInternal             :     exinfo->suggestedsoundtype = 5
[LOG] SystemI::createSoundInternal             :     exinfo->initialseekpostype = 1
[LOG] SystemI::createSoundInternal             :     Stream 0/1: name='PiraGameJam', format=5, channels=2, frequency=48000, lengthbytes=868288, lengthpcm=3356608, pcmblocksize=0, loopstart=0, loopend=0, mode=0x00000000, channelmask=0x00000000, channelorder=0, peakvolume=0.853753.
[LOG] AsyncThread::threadFunc                  : Finished Asynchronous operation on sound 00000187D8141858
[LOG] SoundI::release                          : Pirate2-GameJam (000001862EAC2D28)
[LOG] SoundI::release                          :     Pirate2-GameJam (000001862A60BD18)
[LOG] SoundI::release                          :     Pirate2-GameJam (000001862EABE9A8)
[LOG] SystemI::createSound                     : filename = FMODAsset\Desktop/Master.bank : mode 02010082
[LOG] SystemI::createSound                     : FMOD_NONBLOCKING specified.  Putting into queue to be opened asynchronously!
[LOG] SystemI::createSound                     : setdata soundi = 00000187D8141A08 : node = 000001886283A820
[LOG] SystemI::createSound                     : add node to async list : head = 00000188C84432F8.  list count = 0
[LOG] AsyncThread::threadFunc                  : Starting Asynchronous operation on sound 00000187D8141A08
[LOG] SystemI::createSoundInternal             :     Create name='FMODAsset\Desktop/Master.bank', mode=0x02010082
[LOG] SystemI::createSoundInternal             :     exinfo->cbsize             = 224
[LOG] SystemI::createSoundInternal             :     exinfo->length             = 5280864
[LOG] SystemI::createSoundInternal             :     exinfo->fileoffset         = 18624
[LOG] SystemI::createSoundInternal             :     exinfo->numsubsounds       = 1
[LOG] SystemI::createSoundInternal             :     exinfo->inclusionlist      = 000001886283A930
[LOG] SystemI::createSoundInternal             :     exinfo->inclusionlistnum   = 1
[LOG] SystemI::createSoundInternal             :     exinfo->suggestedsoundtype = 5
[LOG] SystemI::createSoundInternal             :     exinfo->initialseekpostype = 1
[LOG] SystemI::createSoundInternal             :     Stream 0/1: name='PiraGameJam', format=5, channels=2, frequency=48000, lengthbytes=868288, lengthpcm=3356608, pcmblocksize=0, loopstart=0, loopend=0, mode=0x00000000, channelmask=0x00000000, channelorder=0, peakvolume=0.853753.
[LOG] AsyncThread::threadFunc                  : Finished Asynchronous operation on sound 00000187D8141A08
[LOG] SoundI::release                          : PiraGameJam (00000187D8141858)
[LOG] SoundI::release                          :     PiraGameJam (0000018626462198)
[LOG] SoundI::release                          :     PiraGameJam (00000187D813FF08)
[LOG] SoundI::release                          : PiraGameJam (00000187D8141A08)
[LOG] SoundI::release                          :     PiraGameJam (00000186264612F8)
[LOG] SoundI::release                          :     PiraGameJam (00000187D813CE18)
[LOG] SoundI::release                          : Bateau-loop (00000187D8148CC8)
[LOG] SoundI::release                          :     Bateau-loop (0000018626461158)
[LOG] SoundI::release                          :     Bateau-loop (00000187D8148E78)
[LOG] SoundI::release                          : Sea-waves Sound effect (000001862EAC1C48)
[LOG] SoundI::release                          :     Sea-waves Sound effect (000001862A60CA18)
[LOG] SoundI::release                          :     Sea-waves Sound effect (000001862EAC09B8)
[LOG] SoundI::release                          :  (00000187D806D708)
[LOG] SoundI::release                          :     fire_cannon_1 (000001862A60E418)
[LOG] SoundI::release                          :  (00000186369CFB48)
[LOG] SoundI::release                          :     32304__acclivity__shipsbell (00000186264617D8)
[LOG] Thread::callback                         : FMOD Studio update thread finished.
[LOG] Thread::callback                         : FMOD Studio bank load thread finished.
[LOG] Profile::disconnectAll                   : Profiler disconnecting all clients
[LOG] Thread::callback                         : FMOD Studio sample load thread finished.
[LOG] LiveUpdate::release                      : 
[LOG] LiveUpdate::reset                        : Reset connection (reason Disconnected)
[LOG] Thread::callback                         : FMOD stream thread finished.
[LOG] Thread::callback                         : FMOD mixer thread finished.
[LOG] Profile::disconnectAll                   : Profiler disconnecting all clients
[LOG] SystemI::close                           : Closed.
[LOG] Manager::readBank                        : fileversion = 135, compatVersion = 132 (oldest = 44, newest = 135)
[LOG] Manager::readBank                        : fileversion = 135, compatVersion = 132 (oldest = 44, newest = 135)
[LOG] Manager::readBank                        : fileversion = 135, compatVersion = 132 (oldest = 44, newest = 135)
[LOG] Manager::readBank                        : fileversion = 135, compatVersion = 132 (oldest = 44, newest = 135)
[LOG] Manager::readBank                        : fileversion = 135, compatVersion = 132 (oldest = 44, newest = 135)
[LOG] Manager::readBank                        : fileversion = 135, compatVersion = 132 (oldest = 44, newest = 135)
[LOG] PlaybackSystem::acquireMasterBus         : Setting master channel group format to 6
[LOG] Thread::callback                         : FMOD Studio bank load thread finished.
[LOG] Thread::callback                         : FMOD Studio sample load thread finished.
[LOG] LiveUpdate::release                      : 
[LOG] LiveUpdate::reset                        : Reset connection (reason Disconnected)
[LOG] Thread::callback                         : FMOD stream thread finished.
[LOG] Thread::callback                         : FMOD mixer thread finished.
[LOG] SystemI::close                           : Closed.
[LOG] Thread::callback                         : FMOD nonblocking thread (0) finished.
[LOG] Thread::callback                         : FMOD file thread finished.
